{"name":"hexo","hostname":"wylblog","pid":10778,"level":20,"msg":"Writing database to /root/myBlog2.0/db.json","time":"2024-11-11T09:53:44.972Z","v":0}
{"name":"hexo","hostname":"wylblog","pid":10778,"level":20,"msg":"Hexo version: 4.1.1","time":"2024-11-11T09:53:44.982Z","v":0}
{"name":"hexo","hostname":"wylblog","pid":10778,"level":20,"msg":"Working directory: ~/myBlog2.0/","time":"2024-11-11T09:53:44.982Z","v":0}
{"name":"hexo","hostname":"wylblog","pid":10778,"level":20,"msg":"Config loaded: ~/myBlog2.0/_config.yml","time":"2024-11-11T09:53:45.060Z","v":0}
{"name":"hexo","hostname":"wylblog","pid":10778,"level":20,"msg":"Plugin loaded: hexo-generator-archive","time":"2024-11-11T09:53:45.074Z","v":0}
{"name":"hexo","hostname":"wylblog","pid":10778,"level":20,"msg":"Plugin loaded: hexo-generator-category","time":"2024-11-11T09:53:45.076Z","v":0}
{"name":"hexo","hostname":"wylblog","pid":10778,"level":20,"msg":"Plugin loaded: hexo-generator-index","time":"2024-11-11T09:53:45.077Z","v":0}
{"name":"hexo","hostname":"wylblog","pid":10778,"level":20,"msg":"Plugin loaded: hexo-generator-tag","time":"2024-11-11T09:53:45.078Z","v":0}
{"name":"hexo","hostname":"wylblog","pid":10778,"level":20,"msg":"Plugin loaded: hexo-renderer-ejs","time":"2024-11-11T09:53:45.079Z","v":0}
{"name":"hexo","hostname":"wylblog","pid":10778,"level":20,"msg":"Plugin loaded: hexo-renderer-marked","time":"2024-11-11T09:53:45.114Z","v":0}
{"name":"hexo","hostname":"wylblog","pid":10778,"level":20,"msg":"Plugin loaded: hexo-renderer-stylus","time":"2024-11-11T09:53:45.173Z","v":0}
{"name":"hexo","hostname":"wylblog","pid":10778,"level":20,"msg":"Plugin loaded: hexo-server","time":"2024-11-11T09:53:45.212Z","v":0}
{"name":"hexo","hostname":"wylblog","pid":10778,"level":50,"err":{"message":"EISDIR: illegal operation on a directory, read","name":"Error","stack":"Error: EISDIR: illegal operation on a directory, read","code":"EISDIR"},"msg":"Plugin load failed: hexo-theme-landscape","time":"2024-11-11T09:53:45.213Z","v":0}
{"name":"hexo","hostname":"wylblog","pid":10778,"level":20,"msg":"Script loaded: themes/hexo-theme-matery/scripts/tags/button.js","time":"2024-11-11T09:53:45.217Z","v":0}
{"name":"hexo","hostname":"wylblog","pid":10778,"level":20,"msg":"Script loaded: themes/hexo-theme-matery/scripts/tags/index.js","time":"2024-11-11T09:53:45.218Z","v":0}
{"name":"hexo","hostname":"wylblog","pid":10778,"level":20,"msg":"Script loaded: themes/hexo-theme-matery/scripts/tags/note.js","time":"2024-11-11T09:53:45.218Z","v":0}
{"name":"hexo","hostname":"wylblog","pid":10778,"level":20,"msg":"Loading database.","time":"2024-11-11T09:53:45.219Z","v":0}
{"name":"hexo","hostname":"wylblog","pid":10778,"level":30,"msg":"Start processing","time":"2024-11-11T09:53:45.241Z","v":0}
{"name":"hexo","hostname":"wylblog","pid":10778,"level":20,"msg":"Processed: _posts/hello-world.md","time":"2024-11-11T09:53:45.264Z","v":0}
{"name":"hexo","hostname":"wylblog","pid":10778,"level":20,"msg":"Processed: source/favicon.png","time":"2024-11-11T09:53:45.264Z","v":0}
{"name":"hexo","hostname":"wylblog","pid":10778,"level":20,"msg":"Theme config loaded.","time":"2024-11-11T09:53:45.324Z","v":0}
{"name":"hexo","hostname":"wylblog","pid":10778,"level":20,"msg":"Processed: source/css/barrager.css","time":"2024-11-11T09:53:45.325Z","v":0}
{"name":"hexo","hostname":"wylblog","pid":10778,"level":20,"msg":"Processed: _config.yml","time":"2024-11-11T09:53:45.325Z","v":0}
{"name":"hexo","hostname":"wylblog","pid":10778,"level":20,"msg":"Processed: source/css/bb.css","time":"2024-11-11T09:53:45.325Z","v":0}
{"name":"hexo","hostname":"wylblog","pid":10778,"level":20,"msg":"Processed: source/css/dark.css","time":"2024-11-11T09:53:45.325Z","v":0}
{"name":"hexo","hostname":"wylblog","pid":10778,"level":20,"msg":"Processed: source/css/gallery.css","time":"2024-11-11T09:53:45.325Z","v":0}
{"name":"hexo","hostname":"wylblog","pid":10778,"level":20,"msg":"Processed: source/css/gitment.css","time":"2024-11-11T09:53:45.326Z","v":0}
{"name":"hexo","hostname":"wylblog","pid":10778,"level":20,"msg":"Processed: source/css/indexcover.css","time":"2024-11-11T09:53:45.326Z","v":0}
{"name":"hexo","hostname":"wylblog","pid":10778,"level":20,"msg":"Processed: source/css/matery.css","time":"2024-11-11T09:53:45.326Z","v":0}
{"name":"hexo","hostname":"wylblog","pid":10778,"level":20,"msg":"Processed: source/css/my-gitalk.css","time":"2024-11-11T09:53:45.327Z","v":0}
{"name":"hexo","hostname":"wylblog","pid":10778,"level":20,"msg":"Processed: source/css/my.css","time":"2024-11-11T09:53:45.327Z","v":0}
{"name":"hexo","hostname":"wylblog","pid":10778,"level":20,"msg":"Processed: source/css/post.css","time":"2024-11-11T09:53:45.327Z","v":0}
{"name":"hexo","hostname":"wylblog","pid":10778,"level":20,"msg":"Processed: source/css/reward.css","time":"2024-11-11T09:53:45.328Z","v":0}
{"name":"hexo","hostname":"wylblog","pid":10778,"level":20,"msg":"Processed: source/js/crypto-js.js","time":"2024-11-11T09:53:45.328Z","v":0}
{"name":"hexo","hostname":"wylblog","pid":10778,"level":20,"msg":"Processed: source/js/gallery-encrypt.js","time":"2024-11-11T09:53:45.328Z","v":0}
{"name":"hexo","hostname":"wylblog","pid":10778,"level":20,"msg":"Processed: source/js/jquery.barrager.js","time":"2024-11-11T09:53:45.328Z","v":0}
{"name":"hexo","hostname":"wylblog","pid":10778,"level":20,"msg":"Processed: source/js/matery.js","time":"2024-11-11T09:53:45.328Z","v":0}
{"name":"hexo","hostname":"wylblog","pid":10778,"level":20,"msg":"Processed: source/js/search.js","time":"2024-11-11T09:53:45.328Z","v":0}
{"name":"hexo","hostname":"wylblog","pid":10778,"level":20,"msg":"Processed: source/js/tw_cn.js","time":"2024-11-11T09:53:45.329Z","v":0}
{"name":"hexo","hostname":"wylblog","pid":10778,"level":20,"msg":"Processed: source/medias/avatar.jpg","time":"2024-11-11T09:53:45.329Z","v":0}
{"name":"hexo","hostname":"wylblog","pid":10778,"level":20,"msg":"Processed: source/medias/comment_bg.png","time":"2024-11-11T09:53:45.329Z","v":0}
{"name":"hexo","hostname":"wylblog","pid":10778,"level":20,"msg":"Processed: source/medias/cover.jpg","time":"2024-11-11T09:53:45.329Z","v":0}
{"name":"hexo","hostname":"wylblog","pid":10778,"level":20,"msg":"Processed: source/medias/icp.png","time":"2024-11-11T09:53:45.329Z","v":0}
{"name":"hexo","hostname":"wylblog","pid":10778,"level":20,"msg":"Processed: source/medias/logo.png","time":"2024-11-11T09:53:45.329Z","v":0}
{"name":"hexo","hostname":"wylblog","pid":10778,"level":20,"msg":"Processed: source/libs/animate/animate.min.css","time":"2024-11-11T09:53:45.362Z","v":0}
{"name":"hexo","hostname":"wylblog","pid":10778,"level":20,"msg":"Processed: source/libs/aos/aos.css","time":"2024-11-11T09:53:45.362Z","v":0}
{"name":"hexo","hostname":"wylblog","pid":10778,"level":20,"msg":"Processed: source/libs/aos/aos.js","time":"2024-11-11T09:53:45.363Z","v":0}
{"name":"hexo","hostname":"wylblog","pid":10778,"level":20,"msg":"Processed: source/libs/aplayer/APlayer.min.css","time":"2024-11-11T09:53:45.363Z","v":0}
{"name":"hexo","hostname":"wylblog","pid":10778,"level":20,"msg":"Processed: source/libs/aplayer/APlayer.min.js","time":"2024-11-11T09:53:45.363Z","v":0}
{"name":"hexo","hostname":"wylblog","pid":10778,"level":20,"msg":"Processed: source/libs/aplayer/Meting.min.js","time":"2024-11-11T09:53:45.363Z","v":0}
{"name":"hexo","hostname":"wylblog","pid":10778,"level":20,"msg":"Processed: source/libs/background/canvas-nest.js","time":"2024-11-11T09:53:45.363Z","v":0}
{"name":"hexo","hostname":"wylblog","pid":10778,"level":20,"msg":"Processed: source/libs/background/ribbon-dynamic.js","time":"2024-11-11T09:53:45.364Z","v":0}
{"name":"hexo","hostname":"wylblog","pid":10778,"level":20,"msg":"Processed: source/libs/background/ribbon.min.js","time":"2024-11-11T09:53:45.364Z","v":0}
{"name":"hexo","hostname":"wylblog","pid":10778,"level":20,"msg":"Processed: source/libs/background/ribbon-refresh.min.js","time":"2024-11-11T09:53:45.364Z","v":0}
{"name":"hexo","hostname":"wylblog","pid":10778,"level":20,"msg":"Processed: source/libs/codeBlock/codeBlockFuction.js","time":"2024-11-11T09:53:45.364Z","v":0}
{"name":"hexo","hostname":"wylblog","pid":10778,"level":20,"msg":"Processed: source/libs/codeBlock/codeCopy.js","time":"2024-11-11T09:53:45.364Z","v":0}
{"name":"hexo","hostname":"wylblog","pid":10778,"level":20,"msg":"Processed: source/libs/codeBlock/codeLang.js","time":"2024-11-11T09:53:45.364Z","v":0}
{"name":"hexo","hostname":"wylblog","pid":10778,"level":20,"msg":"Processed: source/libs/codeBlock/codeShrink.js","time":"2024-11-11T09:53:45.365Z","v":0}
{"name":"hexo","hostname":"wylblog","pid":10778,"level":20,"msg":"Processed: source/libs/cryptojs/crypto-js.min.js","time":"2024-11-11T09:53:45.365Z","v":0}
{"name":"hexo","hostname":"wylblog","pid":10778,"level":20,"msg":"Processed: source/libs/dplayer/DPlayer.min.css","time":"2024-11-11T09:53:45.365Z","v":0}
{"name":"hexo","hostname":"wylblog","pid":10778,"level":20,"msg":"Processed: source/libs/dplayer/DPlayer.min.js","time":"2024-11-11T09:53:45.365Z","v":0}
{"name":"hexo","hostname":"wylblog","pid":10778,"level":20,"msg":"Processed: source/libs/echarts/echarts.min.js","time":"2024-11-11T09:53:45.365Z","v":0}
{"name":"hexo","hostname":"wylblog","pid":10778,"level":20,"msg":"Processed: source/libs/fancybox/fancybox.js","time":"2024-11-11T09:53:45.366Z","v":0}
{"name":"hexo","hostname":"wylblog","pid":10778,"level":20,"msg":"Processed: source/libs/fancybox/jquery.fancybox.css","time":"2024-11-11T09:53:45.366Z","v":0}
{"name":"hexo","hostname":"wylblog","pid":10778,"level":20,"msg":"Processed: source/libs/gitalk/gitalk.css","time":"2024-11-11T09:53:45.366Z","v":0}
{"name":"hexo","hostname":"wylblog","pid":10778,"level":20,"msg":"Processed: source/libs/gitalk/gitalk.min.js","time":"2024-11-11T09:53:45.366Z","v":0}
{"name":"hexo","hostname":"wylblog","pid":10778,"level":20,"msg":"Processed: source/libs/gitment/gitment-default.css","time":"2024-11-11T09:53:45.366Z","v":0}
{"name":"hexo","hostname":"wylblog","pid":10778,"level":20,"msg":"Processed: source/libs/gitment/gitment.js","time":"2024-11-11T09:53:45.367Z","v":0}
{"name":"hexo","hostname":"wylblog","pid":10778,"level":20,"msg":"Processed: source/libs/instantpage/instantpage.js","time":"2024-11-11T09:53:45.367Z","v":0}
{"name":"hexo","hostname":"wylblog","pid":10778,"level":20,"msg":"Processed: source/libs/jqcloud/jqcloud-1.0.4.min.js","time":"2024-11-11T09:53:45.367Z","v":0}
{"name":"hexo","hostname":"wylblog","pid":10778,"level":20,"msg":"Processed: source/libs/jqcloud/jqcloud.css","time":"2024-11-11T09:53:45.367Z","v":0}
{"name":"hexo","hostname":"wylblog","pid":10778,"level":20,"msg":"Processed: source/libs/jquery/jquery-3.6.0.min.js","time":"2024-11-11T09:53:45.367Z","v":0}
{"name":"hexo","hostname":"wylblog","pid":10778,"level":20,"msg":"Processed: source/libs/justifiedGallery/justifiedGallery.min.css","time":"2024-11-11T09:53:45.367Z","v":0}
{"name":"hexo","hostname":"wylblog","pid":10778,"level":20,"msg":"Processed: source/libs/justifiedGallery/justifiedGallery.min.js","time":"2024-11-11T09:53:45.367Z","v":0}
{"name":"hexo","hostname":"wylblog","pid":10778,"level":20,"msg":"Processed: source/libs/masonry/masonry.pkgd.min.js","time":"2024-11-11T09:53:45.367Z","v":0}
{"name":"hexo","hostname":"wylblog","pid":10778,"level":20,"msg":"Processed: source/libs/materialize/materialize.min.css","time":"2024-11-11T09:53:45.367Z","v":0}
{"name":"hexo","hostname":"wylblog","pid":10778,"level":20,"msg":"Processed: source/libs/materialize/materialize.min.js","time":"2024-11-11T09:53:45.367Z","v":0}
{"name":"hexo","hostname":"wylblog","pid":10778,"level":20,"msg":"Processed: source/libs/mermaid/mermaid.js","time":"2024-11-11T09:53:45.368Z","v":0}
{"name":"hexo","hostname":"wylblog","pid":10778,"level":20,"msg":"Processed: source/libs/mermaid/mermaid.min.css","time":"2024-11-11T09:53:45.368Z","v":0}
{"name":"hexo","hostname":"wylblog","pid":10778,"level":20,"msg":"Processed: source/libs/mermaid/mermaid.min.js","time":"2024-11-11T09:53:45.368Z","v":0}
{"name":"hexo","hostname":"wylblog","pid":10778,"level":20,"msg":"Processed: source/libs/minivaline/MiniValine.js","time":"2024-11-11T09:53:45.368Z","v":0}
{"name":"hexo","hostname":"wylblog","pid":10778,"level":20,"msg":"Processed: source/libs/others/TencentCaptcha.js","time":"2024-11-11T09:53:45.368Z","v":0}
{"name":"hexo","hostname":"wylblog","pid":10778,"level":20,"msg":"Processed: source/libs/others/busuanzi.pure.mini.js","time":"2024-11-11T09:53:45.368Z","v":0}
{"name":"hexo","hostname":"wylblog","pid":10778,"level":20,"msg":"Processed: source/libs/others/clicklove.js","time":"2024-11-11T09:53:45.368Z","v":0}
{"name":"hexo","hostname":"wylblog","pid":10778,"level":20,"msg":"Processed: source/libs/others/sakura-half.js","time":"2024-11-11T09:53:45.368Z","v":0}
{"name":"hexo","hostname":"wylblog","pid":10778,"level":20,"msg":"Processed: source/libs/others/sakura-reduce.js","time":"2024-11-11T09:53:45.368Z","v":0}
{"name":"hexo","hostname":"wylblog","pid":10778,"level":20,"msg":"Processed: source/libs/others/sakura-small.js","time":"2024-11-11T09:53:45.368Z","v":0}
{"name":"hexo","hostname":"wylblog","pid":10778,"level":20,"msg":"Processed: source/libs/others/sakura.js","time":"2024-11-11T09:53:45.369Z","v":0}
{"name":"hexo","hostname":"wylblog","pid":10778,"level":20,"msg":"Processed: source/libs/others/snow.js","time":"2024-11-11T09:53:45.369Z","v":0}
{"name":"hexo","hostname":"wylblog","pid":10778,"level":20,"msg":"Processed: source/libs/others/star.js","time":"2024-11-11T09:53:45.369Z","v":0}
{"name":"hexo","hostname":"wylblog","pid":10778,"level":20,"msg":"Processed: source/libs/prism/prism.min.css","time":"2024-11-11T09:53:45.369Z","v":0}
{"name":"hexo","hostname":"wylblog","pid":10778,"level":20,"msg":"Processed: source/libs/prism/prism.min.js","time":"2024-11-11T09:53:45.369Z","v":0}
{"name":"hexo","hostname":"wylblog","pid":10778,"level":20,"msg":"Processed: source/libs/scrollprogress/scrollProgress.min.js","time":"2024-11-11T09:53:45.369Z","v":0}
{"name":"hexo","hostname":"wylblog","pid":10778,"level":20,"msg":"Processed: source/libs/tocbot/tocbot.css","time":"2024-11-11T09:53:45.369Z","v":0}
{"name":"hexo","hostname":"wylblog","pid":10778,"level":20,"msg":"Processed: source/libs/tocbot/tocbot.min.js","time":"2024-11-11T09:53:45.369Z","v":0}
{"name":"hexo","hostname":"wylblog","pid":10778,"level":20,"msg":"Processed: source/libs/twikoo/twikoo.all.min.js","time":"2024-11-11T09:53:45.369Z","v":0}
{"name":"hexo","hostname":"wylblog","pid":10778,"level":20,"msg":"Processed: source/libs/twikoo/twikoo.all.min.js.LICENSE.txt","time":"2024-11-11T09:53:45.370Z","v":0}
{"name":"hexo","hostname":"wylblog","pid":10778,"level":20,"msg":"Processed: source/libs/typed/typed.js","time":"2024-11-11T09:53:45.370Z","v":0}
{"name":"hexo","hostname":"wylblog","pid":10778,"level":20,"msg":"Processed: source/libs/valine/Valine.min.js","time":"2024-11-11T09:53:45.370Z","v":0}
{"name":"hexo","hostname":"wylblog","pid":10778,"level":20,"msg":"Processed: source/libs/valine/av-min.js","time":"2024-11-11T09:53:45.370Z","v":0}
{"name":"hexo","hostname":"wylblog","pid":10778,"level":20,"msg":"Processed: source/libs/waline/Waline.min.js","time":"2024-11-11T09:53:45.370Z","v":0}
{"name":"hexo","hostname":"wylblog","pid":10778,"level":20,"msg":"Processed: source/medias/banner/0.jpg","time":"2024-11-11T09:53:45.370Z","v":0}
{"name":"hexo","hostname":"wylblog","pid":10778,"level":20,"msg":"Processed: source/medias/banner/1.jpg","time":"2024-11-11T09:53:45.370Z","v":0}
{"name":"hexo","hostname":"wylblog","pid":10778,"level":20,"msg":"Processed: source/medias/banner/2.jpg","time":"2024-11-11T09:53:45.370Z","v":0}
{"name":"hexo","hostname":"wylblog","pid":10778,"level":20,"msg":"Processed: source/medias/banner/4.jpg","time":"2024-11-11T09:53:45.370Z","v":0}
{"name":"hexo","hostname":"wylblog","pid":10778,"level":20,"msg":"Processed: source/medias/banner/3.jpg","time":"2024-11-11T09:53:45.371Z","v":0}
{"name":"hexo","hostname":"wylblog","pid":10778,"level":20,"msg":"Processed: source/medias/banner/5.jpg","time":"2024-11-11T09:53:45.371Z","v":0}
{"name":"hexo","hostname":"wylblog","pid":10778,"level":20,"msg":"Processed: source/medias/banner/6.jpg","time":"2024-11-11T09:53:45.371Z","v":0}
{"name":"hexo","hostname":"wylblog","pid":10778,"level":20,"msg":"Processed: source/medias/barrager/1.png","time":"2024-11-11T09:53:45.371Z","v":0}
{"name":"hexo","hostname":"wylblog","pid":10778,"level":20,"msg":"Processed: source/medias/barrager/0.png","time":"2024-11-11T09:53:45.371Z","v":0}
{"name":"hexo","hostname":"wylblog","pid":10778,"level":20,"msg":"Processed: source/medias/barrager/2.png","time":"2024-11-11T09:53:45.371Z","v":0}
{"name":"hexo","hostname":"wylblog","pid":10778,"level":20,"msg":"Processed: source/medias/barrager/close.png","time":"2024-11-11T09:53:45.371Z","v":0}
{"name":"hexo","hostname":"wylblog","pid":10778,"level":20,"msg":"Processed: source/medias/featureimages/0.jpg","time":"2024-11-11T09:53:45.371Z","v":0}
{"name":"hexo","hostname":"wylblog","pid":10778,"level":20,"msg":"Processed: source/medias/featureimages/1.jpg","time":"2024-11-11T09:53:45.372Z","v":0}
{"name":"hexo","hostname":"wylblog","pid":10778,"level":20,"msg":"Processed: source/medias/featureimages/10.jpg","time":"2024-11-11T09:53:45.372Z","v":0}
{"name":"hexo","hostname":"wylblog","pid":10778,"level":20,"msg":"Processed: source/medias/featureimages/11.jpg","time":"2024-11-11T09:53:45.372Z","v":0}
{"name":"hexo","hostname":"wylblog","pid":10778,"level":20,"msg":"Processed: source/medias/featureimages/12.jpg","time":"2024-11-11T09:53:45.372Z","v":0}
{"name":"hexo","hostname":"wylblog","pid":10778,"level":20,"msg":"Processed: source/medias/featureimages/13.jpg","time":"2024-11-11T09:53:45.372Z","v":0}
{"name":"hexo","hostname":"wylblog","pid":10778,"level":20,"msg":"Processed: source/medias/featureimages/14.jpg","time":"2024-11-11T09:53:45.372Z","v":0}
{"name":"hexo","hostname":"wylblog","pid":10778,"level":20,"msg":"Processed: source/medias/featureimages/15.jpg","time":"2024-11-11T09:53:45.372Z","v":0}
{"name":"hexo","hostname":"wylblog","pid":10778,"level":20,"msg":"Processed: source/medias/featureimages/16.jpg","time":"2024-11-11T09:53:45.372Z","v":0}
{"name":"hexo","hostname":"wylblog","pid":10778,"level":20,"msg":"Processed: source/medias/featureimages/17.jpg","time":"2024-11-11T09:53:45.372Z","v":0}
{"name":"hexo","hostname":"wylblog","pid":10778,"level":20,"msg":"Processed: source/medias/featureimages/18.jpg","time":"2024-11-11T09:53:45.372Z","v":0}
{"name":"hexo","hostname":"wylblog","pid":10778,"level":20,"msg":"Processed: source/medias/featureimages/19.jpg","time":"2024-11-11T09:53:45.373Z","v":0}
{"name":"hexo","hostname":"wylblog","pid":10778,"level":20,"msg":"Processed: source/medias/featureimages/2.jpg","time":"2024-11-11T09:53:45.373Z","v":0}
{"name":"hexo","hostname":"wylblog","pid":10778,"level":20,"msg":"Processed: source/medias/featureimages/20.jpg","time":"2024-11-11T09:53:45.373Z","v":0}
{"name":"hexo","hostname":"wylblog","pid":10778,"level":20,"msg":"Processed: source/medias/featureimages/21.jpg","time":"2024-11-11T09:53:45.373Z","v":0}
{"name":"hexo","hostname":"wylblog","pid":10778,"level":20,"msg":"Processed: source/medias/featureimages/22.jpg","time":"2024-11-11T09:53:45.373Z","v":0}
{"name":"hexo","hostname":"wylblog","pid":10778,"level":20,"msg":"Processed: source/medias/featureimages/23.jpg","time":"2024-11-11T09:53:45.373Z","v":0}
{"name":"hexo","hostname":"wylblog","pid":10778,"level":20,"msg":"Processed: source/medias/featureimages/3.jpg","time":"2024-11-11T09:53:45.373Z","v":0}
{"name":"hexo","hostname":"wylblog","pid":10778,"level":20,"msg":"Processed: source/medias/featureimages/4.jpg","time":"2024-11-11T09:53:45.374Z","v":0}
{"name":"hexo","hostname":"wylblog","pid":10778,"level":20,"msg":"Processed: source/medias/featureimages/5.jpg","time":"2024-11-11T09:53:45.374Z","v":0}
{"name":"hexo","hostname":"wylblog","pid":10778,"level":20,"msg":"Processed: source/medias/featureimages/6.jpg","time":"2024-11-11T09:53:45.374Z","v":0}
{"name":"hexo","hostname":"wylblog","pid":10778,"level":20,"msg":"Processed: source/medias/featureimages/7.jpg","time":"2024-11-11T09:53:45.374Z","v":0}
{"name":"hexo","hostname":"wylblog","pid":10778,"level":20,"msg":"Processed: source/medias/featureimages/8.jpg","time":"2024-11-11T09:53:45.374Z","v":0}
{"name":"hexo","hostname":"wylblog","pid":10778,"level":20,"msg":"Processed: source/medias/featureimages/9.jpg","time":"2024-11-11T09:53:45.374Z","v":0}
{"name":"hexo","hostname":"wylblog","pid":10778,"level":20,"msg":"Processed: source/medias/images/01.jpg","time":"2024-11-11T09:53:45.374Z","v":0}
{"name":"hexo","hostname":"wylblog","pid":10778,"level":20,"msg":"Processed: source/medias/images/02.jpg","time":"2024-11-11T09:53:45.374Z","v":0}
{"name":"hexo","hostname":"wylblog","pid":10778,"level":20,"msg":"Processed: source/medias/images/03.jpg","time":"2024-11-11T09:53:45.374Z","v":0}
{"name":"hexo","hostname":"wylblog","pid":10778,"level":20,"msg":"Processed: source/medias/reward/alipay.jpg","time":"2024-11-11T09:53:45.374Z","v":0}
{"name":"hexo","hostname":"wylblog","pid":10778,"level":20,"msg":"Processed: layout/404.ejs","time":"2024-11-11T09:53:45.409Z","v":0}
{"name":"hexo","hostname":"wylblog","pid":10778,"level":20,"msg":"Processed: layout/about.ejs","time":"2024-11-11T09:53:45.409Z","v":0}
{"name":"hexo","hostname":"wylblog","pid":10778,"level":20,"msg":"Processed: layout/archive.ejs","time":"2024-11-11T09:53:45.409Z","v":0}
{"name":"hexo","hostname":"wylblog","pid":10778,"level":20,"msg":"Processed: layout/bb.ejs","time":"2024-11-11T09:53:45.409Z","v":0}
{"name":"hexo","hostname":"wylblog","pid":10778,"level":20,"msg":"Processed: layout/categories.ejs","time":"2024-11-11T09:53:45.409Z","v":0}
{"name":"hexo","hostname":"wylblog","pid":10778,"level":20,"msg":"Processed: layout/category.ejs","time":"2024-11-11T09:53:45.409Z","v":0}
{"name":"hexo","hostname":"wylblog","pid":10778,"level":20,"msg":"Processed: layout/contact.ejs","time":"2024-11-11T09:53:45.409Z","v":0}
{"name":"hexo","hostname":"wylblog","pid":10778,"level":20,"msg":"Processed: layout/friends.ejs","time":"2024-11-11T09:53:45.409Z","v":0}
{"name":"hexo","hostname":"wylblog","pid":10778,"level":20,"msg":"Processed: layout/galleries.ejs","time":"2024-11-11T09:53:45.409Z","v":0}
{"name":"hexo","hostname":"wylblog","pid":10778,"level":20,"msg":"Processed: layout/gallery.ejs","time":"2024-11-11T09:53:45.409Z","v":0}
{"name":"hexo","hostname":"wylblog","pid":10778,"level":20,"msg":"Processed: layout/index.ejs","time":"2024-11-11T09:53:45.409Z","v":0}
{"name":"hexo","hostname":"wylblog","pid":10778,"level":20,"msg":"Processed: layout/movies.ejs","time":"2024-11-11T09:53:45.409Z","v":0}
{"name":"hexo","hostname":"wylblog","pid":10778,"level":20,"msg":"Processed: layout/layout.ejs","time":"2024-11-11T09:53:45.409Z","v":0}
{"name":"hexo","hostname":"wylblog","pid":10778,"level":20,"msg":"Processed: layout/musics.ejs","time":"2024-11-11T09:53:45.409Z","v":0}
{"name":"hexo","hostname":"wylblog","pid":10778,"level":20,"msg":"Processed: layout/post.ejs","time":"2024-11-11T09:53:45.409Z","v":0}
{"name":"hexo","hostname":"wylblog","pid":10778,"level":20,"msg":"Processed: layout/tag.ejs","time":"2024-11-11T09:53:45.409Z","v":0}
{"name":"hexo","hostname":"wylblog","pid":10778,"level":20,"msg":"Processed: layout/tags.ejs","time":"2024-11-11T09:53:45.409Z","v":0}
{"name":"hexo","hostname":"wylblog","pid":10778,"level":20,"msg":"Processed: languages/jp.yml","time":"2024-11-11T09:53:45.410Z","v":0}
{"name":"hexo","hostname":"wylblog","pid":10778,"level":20,"msg":"Processed: languages/default.yml","time":"2024-11-11T09:53:45.410Z","v":0}
{"name":"hexo","hostname":"wylblog","pid":10778,"level":20,"msg":"Processed: languages/zh-HK.yml","time":"2024-11-11T09:53:45.410Z","v":0}
{"name":"hexo","hostname":"wylblog","pid":10778,"level":20,"msg":"Processed: languages/zh-CN.yml","time":"2024-11-11T09:53:45.410Z","v":0}
{"name":"hexo","hostname":"wylblog","pid":10778,"level":20,"msg":"Processed: source/medias/reward/wechat.png","time":"2024-11-11T09:53:45.410Z","v":0}
{"name":"hexo","hostname":"wylblog","pid":10778,"level":20,"msg":"Processed: source/libs/awesome/css/all.css","time":"2024-11-11T09:53:45.412Z","v":0}
{"name":"hexo","hostname":"wylblog","pid":10778,"level":20,"msg":"Processed: source/libs/awesome/css/all.min.css","time":"2024-11-11T09:53:45.412Z","v":0}
{"name":"hexo","hostname":"wylblog","pid":10778,"level":20,"msg":"Processed: source/libs/awesome/webfonts/fa-brands-400.ttf","time":"2024-11-11T09:53:45.412Z","v":0}
{"name":"hexo","hostname":"wylblog","pid":10778,"level":20,"msg":"Processed: source/libs/awesome/webfonts/fa-brands-400.woff2","time":"2024-11-11T09:53:45.412Z","v":0}
{"name":"hexo","hostname":"wylblog","pid":10778,"level":20,"msg":"Processed: source/libs/awesome/webfonts/fa-regular-400.ttf","time":"2024-11-11T09:53:45.412Z","v":0}
{"name":"hexo","hostname":"wylblog","pid":10778,"level":20,"msg":"Processed: source/libs/awesome/webfonts/fa-regular-400.woff2","time":"2024-11-11T09:53:45.412Z","v":0}
{"name":"hexo","hostname":"wylblog","pid":10778,"level":20,"msg":"Processed: source/libs/awesome/webfonts/fa-solid-900.ttf","time":"2024-11-11T09:53:45.412Z","v":0}
{"name":"hexo","hostname":"wylblog","pid":10778,"level":20,"msg":"Processed: source/libs/awesome/webfonts/fa-solid-900.woff2","time":"2024-11-11T09:53:45.412Z","v":0}
{"name":"hexo","hostname":"wylblog","pid":10778,"level":20,"msg":"Processed: source/libs/awesome/webfonts/fa-v4compatibility.ttf","time":"2024-11-11T09:53:45.412Z","v":0}
{"name":"hexo","hostname":"wylblog","pid":10778,"level":20,"msg":"Processed: source/libs/awesome/webfonts/fa-v4compatibility.woff2","time":"2024-11-11T09:53:45.413Z","v":0}
{"name":"hexo","hostname":"wylblog","pid":10778,"level":20,"msg":"Processed: source/libs/lightGallery/css/lightgallery.min.css","time":"2024-11-11T09:53:45.413Z","v":0}
{"name":"hexo","hostname":"wylblog","pid":10778,"level":20,"msg":"Processed: source/libs/lightGallery/fonts/lg.svg","time":"2024-11-11T09:53:45.413Z","v":0}
{"name":"hexo","hostname":"wylblog","pid":10778,"level":20,"msg":"Processed: source/libs/lightGallery/fonts/lg.ttf","time":"2024-11-11T09:53:45.413Z","v":0}
{"name":"hexo","hostname":"wylblog","pid":10778,"level":20,"msg":"Processed: source/libs/lightGallery/fonts/lg.woff","time":"2024-11-11T09:53:45.413Z","v":0}
{"name":"hexo","hostname":"wylblog","pid":10778,"level":20,"msg":"Processed: source/libs/lightGallery/img/loading.gif","time":"2024-11-11T09:53:45.413Z","v":0}
{"name":"hexo","hostname":"wylblog","pid":10778,"level":20,"msg":"Processed: source/libs/lightGallery/img/video-play.png","time":"2024-11-11T09:53:45.413Z","v":0}
{"name":"hexo","hostname":"wylblog","pid":10778,"level":20,"msg":"Processed: source/libs/lightGallery/img/vimeo-play.png","time":"2024-11-11T09:53:45.413Z","v":0}
{"name":"hexo","hostname":"wylblog","pid":10778,"level":20,"msg":"Processed: source/libs/lightGallery/img/youtube-play.png","time":"2024-11-11T09:53:45.413Z","v":0}
{"name":"hexo","hostname":"wylblog","pid":10778,"level":20,"msg":"Processed: source/libs/lightGallery/js/lightgallery-all.min.js","time":"2024-11-11T09:53:45.413Z","v":0}
{"name":"hexo","hostname":"wylblog","pid":10778,"level":20,"msg":"Processed: source/libs/share/css/share.min.css","time":"2024-11-11T09:53:45.413Z","v":0}
{"name":"hexo","hostname":"wylblog","pid":10778,"level":20,"msg":"Processed: source/libs/share/fonts/iconfont.eot","time":"2024-11-11T09:53:45.414Z","v":0}
{"name":"hexo","hostname":"wylblog","pid":10778,"level":20,"msg":"Processed: source/libs/share/fonts/iconfont.svg","time":"2024-11-11T09:53:45.414Z","v":0}
{"name":"hexo","hostname":"wylblog","pid":10778,"level":20,"msg":"Processed: source/libs/share/fonts/iconfont.ttf","time":"2024-11-11T09:53:45.414Z","v":0}
{"name":"hexo","hostname":"wylblog","pid":10778,"level":20,"msg":"Processed: source/libs/share/fonts/iconfont.woff","time":"2024-11-11T09:53:45.414Z","v":0}
{"name":"hexo","hostname":"wylblog","pid":10778,"level":20,"msg":"Processed: source/libs/share/js/jquery.share.min.js","time":"2024-11-11T09:53:45.414Z","v":0}
{"name":"hexo","hostname":"wylblog","pid":10778,"level":20,"msg":"Processed: source/libs/share/js/social-share.min.js","time":"2024-11-11T09:53:45.414Z","v":0}
{"name":"hexo","hostname":"wylblog","pid":10778,"level":20,"msg":"Processed: layout/_partial/back-top.ejs","time":"2024-11-11T09:53:45.441Z","v":0}
{"name":"hexo","hostname":"wylblog","pid":10778,"level":20,"msg":"Processed: layout/_partial/background.ejs","time":"2024-11-11T09:53:45.441Z","v":0}
{"name":"hexo","hostname":"wylblog","pid":10778,"level":20,"msg":"Processed: layout/_partial/baidu-analytics.ejs","time":"2024-11-11T09:53:45.441Z","v":0}
{"name":"hexo","hostname":"wylblog","pid":10778,"level":20,"msg":"Processed: layout/_partial/baidu-push.ejs","time":"2024-11-11T09:53:45.441Z","v":0}
{"name":"hexo","hostname":"wylblog","pid":10778,"level":20,"msg":"Processed: layout/_partial/bg-cover-content.ejs","time":"2024-11-11T09:53:45.441Z","v":0}
{"name":"hexo","hostname":"wylblog","pid":10778,"level":20,"msg":"Processed: layout/_partial/bg-cover.ejs","time":"2024-11-11T09:53:45.441Z","v":0}
{"name":"hexo","hostname":"wylblog","pid":10778,"level":20,"msg":"Processed: layout/_partial/bg-video.ejs","time":"2024-11-11T09:53:45.442Z","v":0}
{"name":"hexo","hostname":"wylblog","pid":10778,"level":20,"msg":"Processed: layout/_partial/changyan.ejs","time":"2024-11-11T09:53:45.442Z","v":0}
{"name":"hexo","hostname":"wylblog","pid":10778,"level":20,"msg":"Processed: layout/_partial/codeblock.ejs","time":"2024-11-11T09:53:45.442Z","v":0}
{"name":"hexo","hostname":"wylblog","pid":10778,"level":20,"msg":"Processed: layout/_partial/cover-style.ejs","time":"2024-11-11T09:53:45.442Z","v":0}
{"name":"hexo","hostname":"wylblog","pid":10778,"level":20,"msg":"Processed: layout/_partial/disqus.ejs","time":"2024-11-11T09:53:45.442Z","v":0}
{"name":"hexo","hostname":"wylblog","pid":10778,"level":20,"msg":"Processed: layout/_partial/footer.ejs","time":"2024-11-11T09:53:45.442Z","v":0}
{"name":"hexo","hostname":"wylblog","pid":10778,"level":20,"msg":"Processed: layout/_partial/gitalk.ejs","time":"2024-11-11T09:53:45.442Z","v":0}
{"name":"hexo","hostname":"wylblog","pid":10778,"level":20,"msg":"Processed: layout/_partial/github-link.ejs","time":"2024-11-11T09:53:45.442Z","v":0}
{"name":"hexo","hostname":"wylblog","pid":10778,"level":20,"msg":"Processed: layout/_partial/gitment.ejs","time":"2024-11-11T09:53:45.442Z","v":0}
{"name":"hexo","hostname":"wylblog","pid":10778,"level":20,"msg":"Processed: layout/_partial/google-analytics.ejs","time":"2024-11-11T09:53:45.442Z","v":0}
{"name":"hexo","hostname":"wylblog","pid":10778,"level":20,"msg":"Processed: layout/_partial/head.ejs","time":"2024-11-11T09:53:45.442Z","v":0}
{"name":"hexo","hostname":"wylblog","pid":10778,"level":20,"msg":"Processed: layout/_partial/header.ejs","time":"2024-11-11T09:53:45.442Z","v":0}
{"name":"hexo","hostname":"wylblog","pid":10778,"level":20,"msg":"Processed: layout/_partial/index-cover.ejs","time":"2024-11-11T09:53:45.442Z","v":0}
{"name":"hexo","hostname":"wylblog","pid":10778,"level":20,"msg":"Processed: layout/_partial/livere.ejs","time":"2024-11-11T09:53:45.442Z","v":0}
{"name":"hexo","hostname":"wylblog","pid":10778,"level":20,"msg":"Processed: layout/_partial/main-style.ejs","time":"2024-11-11T09:53:45.442Z","v":0}
{"name":"hexo","hostname":"wylblog","pid":10778,"level":20,"msg":"Processed: layout/_partial/mobile-nav.ejs","time":"2024-11-11T09:53:45.442Z","v":0}
{"name":"hexo","hostname":"wylblog","pid":10778,"level":20,"msg":"Processed: layout/_partial/navigation.ejs","time":"2024-11-11T09:53:45.442Z","v":0}
{"name":"hexo","hostname":"wylblog","pid":10778,"level":20,"msg":"Processed: layout/_partial/paging.ejs","time":"2024-11-11T09:53:45.442Z","v":0}
{"name":"hexo","hostname":"wylblog","pid":10778,"level":20,"msg":"Processed: layout/_partial/post-cover.ejs","time":"2024-11-11T09:53:45.442Z","v":0}
{"name":"hexo","hostname":"wylblog","pid":10778,"level":20,"msg":"Processed: layout/_partial/post-detail-toc.ejs","time":"2024-11-11T09:53:45.442Z","v":0}
{"name":"hexo","hostname":"wylblog","pid":10778,"level":20,"msg":"Processed: layout/_partial/post-detail.ejs","time":"2024-11-11T09:53:45.442Z","v":0}
{"name":"hexo","hostname":"wylblog","pid":10778,"level":20,"msg":"Processed: layout/_partial/post-statis.ejs","time":"2024-11-11T09:53:45.442Z","v":0}
{"name":"hexo","hostname":"wylblog","pid":10778,"level":20,"msg":"Processed: layout/_partial/post-style.ejs","time":"2024-11-11T09:53:45.442Z","v":0}
{"name":"hexo","hostname":"wylblog","pid":10778,"level":20,"msg":"Processed: layout/_partial/prev-next.ejs","time":"2024-11-11T09:53:45.442Z","v":0}
{"name":"hexo","hostname":"wylblog","pid":10778,"level":20,"msg":"Processed: layout/_partial/reprint-statement.ejs","time":"2024-11-11T09:53:45.442Z","v":0}
{"name":"hexo","hostname":"wylblog","pid":10778,"level":20,"msg":"Processed: layout/_partial/reward-style.ejs","time":"2024-11-11T09:53:45.442Z","v":0}
{"name":"hexo","hostname":"wylblog","pid":10778,"level":20,"msg":"Processed: layout/_partial/reward.ejs","time":"2024-11-11T09:53:45.442Z","v":0}
{"name":"hexo","hostname":"wylblog","pid":10778,"level":20,"msg":"Processed: layout/_partial/search.ejs","time":"2024-11-11T09:53:45.442Z","v":0}
{"name":"hexo","hostname":"wylblog","pid":10778,"level":20,"msg":"Processed: layout/_partial/share.ejs","time":"2024-11-11T09:53:45.442Z","v":0}
{"name":"hexo","hostname":"wylblog","pid":10778,"level":20,"msg":"Processed: layout/_partial/social-link.ejs","time":"2024-11-11T09:53:45.442Z","v":0}
{"name":"hexo","hostname":"wylblog","pid":10778,"level":20,"msg":"Processed: layout/_partial/twikoo.ejs","time":"2024-11-11T09:53:45.442Z","v":0}
{"name":"hexo","hostname":"wylblog","pid":10778,"level":20,"msg":"Processed: layout/_partial/valine.ejs","time":"2024-11-11T09:53:45.442Z","v":0}
{"name":"hexo","hostname":"wylblog","pid":10778,"level":20,"msg":"Processed: layout/_partial/waline.ejs","time":"2024-11-11T09:53:45.442Z","v":0}
{"name":"hexo","hostname":"wylblog","pid":10778,"level":20,"msg":"Processed: layout/_widget/artitalk.ejs","time":"2024-11-11T09:53:45.442Z","v":0}
{"name":"hexo","hostname":"wylblog","pid":10778,"level":20,"msg":"Processed: layout/_widget/category-cloud.ejs","time":"2024-11-11T09:53:45.442Z","v":0}
{"name":"hexo","hostname":"wylblog","pid":10778,"level":20,"msg":"Processed: layout/_widget/category-radar.ejs","time":"2024-11-11T09:53:45.442Z","v":0}
{"name":"hexo","hostname":"wylblog","pid":10778,"level":20,"msg":"Processed: layout/_widget/day-night.ejs","time":"2024-11-11T09:53:45.442Z","v":0}
{"name":"hexo","hostname":"wylblog","pid":10778,"level":20,"msg":"Processed: layout/_widget/dream.ejs","time":"2024-11-11T09:53:45.443Z","v":0}
{"name":"hexo","hostname":"wylblog","pid":10778,"level":20,"msg":"Processed: layout/_widget/music.ejs","time":"2024-11-11T09:53:45.443Z","v":0}
{"name":"hexo","hostname":"wylblog","pid":10778,"level":20,"msg":"Processed: layout/_widget/musics.ejs","time":"2024-11-11T09:53:45.443Z","v":0}
{"name":"hexo","hostname":"wylblog","pid":10778,"level":20,"msg":"Processed: layout/_widget/my-gallery.ejs","time":"2024-11-11T09:53:45.443Z","v":0}
{"name":"hexo","hostname":"wylblog","pid":10778,"level":20,"msg":"Processed: layout/_widget/my-projects.ejs","time":"2024-11-11T09:53:45.443Z","v":0}
{"name":"hexo","hostname":"wylblog","pid":10778,"level":20,"msg":"Processed: layout/_widget/my-skills.ejs","time":"2024-11-11T09:53:45.443Z","v":0}
{"name":"hexo","hostname":"wylblog","pid":10778,"level":20,"msg":"Processed: layout/_widget/post-calendar.ejs","time":"2024-11-11T09:53:45.443Z","v":0}
{"name":"hexo","hostname":"wylblog","pid":10778,"level":20,"msg":"Processed: layout/_widget/post-charts.ejs","time":"2024-11-11T09:53:45.443Z","v":0}
{"name":"hexo","hostname":"wylblog","pid":10778,"level":20,"msg":"Processed: layout/_widget/recommend.ejs","time":"2024-11-11T09:53:45.443Z","v":0}
{"name":"hexo","hostname":"wylblog","pid":10778,"level":20,"msg":"Processed: layout/_widget/tag-cloud.ejs","time":"2024-11-11T09:53:45.443Z","v":0}
{"name":"hexo","hostname":"wylblog","pid":10778,"level":20,"msg":"Processed: layout/_widget/tag-wordcloud.ejs","time":"2024-11-11T09:53:45.443Z","v":0}
{"name":"hexo","hostname":"wylblog","pid":10778,"level":20,"msg":"Processed: layout/_widget/video.ejs","time":"2024-11-11T09:53:45.443Z","v":0}
{"name":"hexo","hostname":"wylblog","pid":10778,"level":20,"msg":"Generator: page","time":"2024-11-11T09:53:45.455Z","v":0}
{"name":"hexo","hostname":"wylblog","pid":10778,"level":20,"msg":"Generator: post","time":"2024-11-11T09:53:45.456Z","v":0}
{"name":"hexo","hostname":"wylblog","pid":10778,"level":20,"msg":"Generator: archive","time":"2024-11-11T09:53:45.456Z","v":0}
{"name":"hexo","hostname":"wylblog","pid":10778,"level":20,"msg":"Generator: category","time":"2024-11-11T09:53:45.456Z","v":0}
{"name":"hexo","hostname":"wylblog","pid":10778,"level":20,"msg":"Generator: index","time":"2024-11-11T09:53:45.456Z","v":0}
{"name":"hexo","hostname":"wylblog","pid":10778,"level":20,"msg":"Generator: tag","time":"2024-11-11T09:53:45.456Z","v":0}
{"name":"hexo","hostname":"wylblog","pid":10778,"level":20,"msg":"Generator: asset","time":"2024-11-11T09:53:45.457Z","v":0}
{"name":"hexo","hostname":"wylblog","pid":10778,"level":30,"msg":"Files loaded in 244 ms","time":"2024-11-11T09:53:45.463Z","v":0}
{"name":"hexo","hostname":"wylblog","pid":10778,"level":20,"msg":"Rendering HTML post: 2024/11/11/hello-world/index.html","time":"2024-11-11T09:53:45.487Z","v":0}
{"name":"hexo","hostname":"wylblog","pid":10778,"level":20,"msg":"Rendering HTML archive: archives/index.html","time":"2024-11-11T09:53:45.495Z","v":0}
{"name":"hexo","hostname":"wylblog","pid":10778,"level":20,"msg":"Rendering HTML archive: archives/2024/index.html","time":"2024-11-11T09:53:45.503Z","v":0}
{"name":"hexo","hostname":"wylblog","pid":10778,"level":20,"msg":"Rendering HTML archive: archives/2024/11/index.html","time":"2024-11-11T09:53:45.508Z","v":0}
{"name":"hexo","hostname":"wylblog","pid":10778,"level":20,"msg":"Rendering HTML index: index.html","time":"2024-11-11T09:53:45.517Z","v":0}
{"name":"hexo","hostname":"wylblog","pid":10778,"level":30,"msg":"Generated: index.html","time":"2024-11-11T09:53:45.698Z","v":0}
{"name":"hexo","hostname":"wylblog","pid":10778,"level":30,"msg":"Generated: favicon.png","time":"2024-11-11T09:53:45.714Z","v":0}
{"name":"hexo","hostname":"wylblog","pid":10778,"level":30,"msg":"Generated: archives/index.html","time":"2024-11-11T09:53:45.717Z","v":0}
{"name":"hexo","hostname":"wylblog","pid":10778,"level":30,"msg":"Generated: medias/avatar.jpg","time":"2024-11-11T09:53:45.720Z","v":0}
{"name":"hexo","hostname":"wylblog","pid":10778,"level":30,"msg":"Generated: medias/cover.jpg","time":"2024-11-11T09:53:45.720Z","v":0}
{"name":"hexo","hostname":"wylblog","pid":10778,"level":30,"msg":"Generated: medias/icp.png","time":"2024-11-11T09:53:45.720Z","v":0}
{"name":"hexo","hostname":"wylblog","pid":10778,"level":30,"msg":"Generated: medias/logo.png","time":"2024-11-11T09:53:45.720Z","v":0}
{"name":"hexo","hostname":"wylblog","pid":10778,"level":30,"msg":"Generated: medias/comment_bg.png","time":"2024-11-11T09:53:45.720Z","v":0}
{"name":"hexo","hostname":"wylblog","pid":10778,"level":30,"msg":"Generated: archives/2024/11/index.html","time":"2024-11-11T09:53:45.724Z","v":0}
{"name":"hexo","hostname":"wylblog","pid":10778,"level":30,"msg":"Generated: css/barrager.css","time":"2024-11-11T09:53:45.726Z","v":0}
{"name":"hexo","hostname":"wylblog","pid":10778,"level":30,"msg":"Generated: js/gallery-encrypt.js","time":"2024-11-11T09:53:45.726Z","v":0}
{"name":"hexo","hostname":"wylblog","pid":10778,"level":30,"msg":"Generated: medias/banner/0.jpg","time":"2024-11-11T09:53:45.726Z","v":0}
{"name":"hexo","hostname":"wylblog","pid":10778,"level":30,"msg":"Generated: medias/featureimages/0.jpg","time":"2024-11-11T09:53:45.726Z","v":0}
{"name":"hexo","hostname":"wylblog","pid":10778,"level":30,"msg":"Generated: css/bb.css","time":"2024-11-11T09:53:45.726Z","v":0}
{"name":"hexo","hostname":"wylblog","pid":10778,"level":30,"msg":"Generated: css/gallery.css","time":"2024-11-11T09:53:45.726Z","v":0}
{"name":"hexo","hostname":"wylblog","pid":10778,"level":30,"msg":"Generated: css/gitment.css","time":"2024-11-11T09:53:45.726Z","v":0}
{"name":"hexo","hostname":"wylblog","pid":10778,"level":30,"msg":"Generated: css/indexcover.css","time":"2024-11-11T09:53:45.726Z","v":0}
{"name":"hexo","hostname":"wylblog","pid":10778,"level":30,"msg":"Generated: css/my-gitalk.css","time":"2024-11-11T09:53:45.726Z","v":0}
{"name":"hexo","hostname":"wylblog","pid":10778,"level":30,"msg":"Generated: css/my.css","time":"2024-11-11T09:53:45.726Z","v":0}
{"name":"hexo","hostname":"wylblog","pid":10778,"level":30,"msg":"Generated: css/post.css","time":"2024-11-11T09:53:45.726Z","v":0}
{"name":"hexo","hostname":"wylblog","pid":10778,"level":30,"msg":"Generated: css/reward.css","time":"2024-11-11T09:53:45.726Z","v":0}
{"name":"hexo","hostname":"wylblog","pid":10778,"level":30,"msg":"Generated: js/jquery.barrager.js","time":"2024-11-11T09:53:45.727Z","v":0}
{"name":"hexo","hostname":"wylblog","pid":10778,"level":30,"msg":"Generated: js/matery.js","time":"2024-11-11T09:53:45.727Z","v":0}
{"name":"hexo","hostname":"wylblog","pid":10778,"level":30,"msg":"Generated: js/search.js","time":"2024-11-11T09:53:45.727Z","v":0}
{"name":"hexo","hostname":"wylblog","pid":10778,"level":30,"msg":"Generated: css/dark.css","time":"2024-11-11T09:53:45.727Z","v":0}
{"name":"hexo","hostname":"wylblog","pid":10778,"level":30,"msg":"Generated: css/matery.css","time":"2024-11-11T09:53:45.728Z","v":0}
{"name":"hexo","hostname":"wylblog","pid":10778,"level":30,"msg":"Generated: js/tw_cn.js","time":"2024-11-11T09:53:45.728Z","v":0}
{"name":"hexo","hostname":"wylblog","pid":10778,"level":30,"msg":"Generated: js/crypto-js.js","time":"2024-11-11T09:53:45.728Z","v":0}
{"name":"hexo","hostname":"wylblog","pid":10778,"level":30,"msg":"Generated: medias/featureimages/1.jpg","time":"2024-11-11T09:53:45.728Z","v":0}
{"name":"hexo","hostname":"wylblog","pid":10778,"level":30,"msg":"Generated: medias/featureimages/11.jpg","time":"2024-11-11T09:53:45.728Z","v":0}
{"name":"hexo","hostname":"wylblog","pid":10778,"level":30,"msg":"Generated: medias/featureimages/12.jpg","time":"2024-11-11T09:53:45.728Z","v":0}
{"name":"hexo","hostname":"wylblog","pid":10778,"level":30,"msg":"Generated: medias/featureimages/14.jpg","time":"2024-11-11T09:53:45.728Z","v":0}
{"name":"hexo","hostname":"wylblog","pid":10778,"level":30,"msg":"Generated: medias/featureimages/17.jpg","time":"2024-11-11T09:53:45.728Z","v":0}
{"name":"hexo","hostname":"wylblog","pid":10778,"level":30,"msg":"Generated: medias/featureimages/18.jpg","time":"2024-11-11T09:53:45.728Z","v":0}
{"name":"hexo","hostname":"wylblog","pid":10778,"level":30,"msg":"Generated: medias/featureimages/19.jpg","time":"2024-11-11T09:53:45.728Z","v":0}
{"name":"hexo","hostname":"wylblog","pid":10778,"level":30,"msg":"Generated: archives/2024/index.html","time":"2024-11-11T09:53:45.728Z","v":0}
{"name":"hexo","hostname":"wylblog","pid":10778,"level":30,"msg":"Generated: libs/twikoo/twikoo.all.min.js.LICENSE.txt","time":"2024-11-11T09:53:45.728Z","v":0}
{"name":"hexo","hostname":"wylblog","pid":10778,"level":30,"msg":"Generated: libs/materialize/materialize.min.js","time":"2024-11-11T09:53:45.728Z","v":0}
{"name":"hexo","hostname":"wylblog","pid":10778,"level":30,"msg":"Generated: libs/gitment/gitment.js","time":"2024-11-11T09:53:45.728Z","v":0}
{"name":"hexo","hostname":"wylblog","pid":10778,"level":30,"msg":"Generated: libs/valine/av-min.js","time":"2024-11-11T09:53:45.728Z","v":0}
{"name":"hexo","hostname":"wylblog","pid":10778,"level":30,"msg":"Generated: medias/images/02.jpg","time":"2024-11-11T09:53:45.729Z","v":0}
{"name":"hexo","hostname":"wylblog","pid":10778,"level":30,"msg":"Generated: medias/barrager/0.png","time":"2024-11-11T09:53:45.729Z","v":0}
{"name":"hexo","hostname":"wylblog","pid":10778,"level":30,"msg":"Generated: medias/reward/alipay.jpg","time":"2024-11-11T09:53:45.729Z","v":0}
{"name":"hexo","hostname":"wylblog","pid":10778,"level":30,"msg":"Generated: medias/featureimages/20.jpg","time":"2024-11-11T09:53:45.729Z","v":0}
{"name":"hexo","hostname":"wylblog","pid":10778,"level":30,"msg":"Generated: medias/featureimages/4.jpg","time":"2024-11-11T09:53:45.729Z","v":0}
{"name":"hexo","hostname":"wylblog","pid":10778,"level":30,"msg":"Generated: medias/featureimages/6.jpg","time":"2024-11-11T09:53:45.729Z","v":0}
{"name":"hexo","hostname":"wylblog","pid":10778,"level":30,"msg":"Generated: medias/featureimages/9.jpg","time":"2024-11-11T09:53:45.729Z","v":0}
{"name":"hexo","hostname":"wylblog","pid":10778,"level":30,"msg":"Generated: medias/banner/3.jpg","time":"2024-11-11T09:53:45.729Z","v":0}
{"name":"hexo","hostname":"wylblog","pid":10778,"level":30,"msg":"Generated: medias/banner/2.jpg","time":"2024-11-11T09:53:45.729Z","v":0}
{"name":"hexo","hostname":"wylblog","pid":10778,"level":30,"msg":"Generated: medias/banner/1.jpg","time":"2024-11-11T09:53:45.729Z","v":0}
{"name":"hexo","hostname":"wylblog","pid":10778,"level":30,"msg":"Generated: medias/banner/6.jpg","time":"2024-11-11T09:53:45.730Z","v":0}
{"name":"hexo","hostname":"wylblog","pid":10778,"level":30,"msg":"Generated: medias/banner/5.jpg","time":"2024-11-11T09:53:45.730Z","v":0}
{"name":"hexo","hostname":"wylblog","pid":10778,"level":30,"msg":"Generated: medias/barrager/1.png","time":"2024-11-11T09:53:45.730Z","v":0}
{"name":"hexo","hostname":"wylblog","pid":10778,"level":30,"msg":"Generated: medias/barrager/2.png","time":"2024-11-11T09:53:45.730Z","v":0}
{"name":"hexo","hostname":"wylblog","pid":10778,"level":30,"msg":"Generated: medias/barrager/close.png","time":"2024-11-11T09:53:45.730Z","v":0}
{"name":"hexo","hostname":"wylblog","pid":10778,"level":30,"msg":"Generated: medias/featureimages/10.jpg","time":"2024-11-11T09:53:45.730Z","v":0}
{"name":"hexo","hostname":"wylblog","pid":10778,"level":30,"msg":"Generated: medias/featureimages/13.jpg","time":"2024-11-11T09:53:45.730Z","v":0}
{"name":"hexo","hostname":"wylblog","pid":10778,"level":30,"msg":"Generated: medias/featureimages/15.jpg","time":"2024-11-11T09:53:45.730Z","v":0}
{"name":"hexo","hostname":"wylblog","pid":10778,"level":30,"msg":"Generated: medias/featureimages/16.jpg","time":"2024-11-11T09:53:45.730Z","v":0}
{"name":"hexo","hostname":"wylblog","pid":10778,"level":30,"msg":"Generated: medias/featureimages/2.jpg","time":"2024-11-11T09:53:45.731Z","v":0}
{"name":"hexo","hostname":"wylblog","pid":10778,"level":30,"msg":"Generated: medias/featureimages/21.jpg","time":"2024-11-11T09:53:45.731Z","v":0}
{"name":"hexo","hostname":"wylblog","pid":10778,"level":30,"msg":"Generated: medias/featureimages/22.jpg","time":"2024-11-11T09:53:45.732Z","v":0}
{"name":"hexo","hostname":"wylblog","pid":10778,"level":30,"msg":"Generated: medias/featureimages/23.jpg","time":"2024-11-11T09:53:45.732Z","v":0}
{"name":"hexo","hostname":"wylblog","pid":10778,"level":30,"msg":"Generated: medias/featureimages/3.jpg","time":"2024-11-11T09:53:45.732Z","v":0}
{"name":"hexo","hostname":"wylblog","pid":10778,"level":30,"msg":"Generated: medias/featureimages/5.jpg","time":"2024-11-11T09:53:45.732Z","v":0}
{"name":"hexo","hostname":"wylblog","pid":10778,"level":30,"msg":"Generated: medias/featureimages/7.jpg","time":"2024-11-11T09:53:45.732Z","v":0}
{"name":"hexo","hostname":"wylblog","pid":10778,"level":30,"msg":"Generated: medias/featureimages/8.jpg","time":"2024-11-11T09:53:45.732Z","v":0}
{"name":"hexo","hostname":"wylblog","pid":10778,"level":30,"msg":"Generated: medias/reward/wechat.png","time":"2024-11-11T09:53:45.732Z","v":0}
{"name":"hexo","hostname":"wylblog","pid":10778,"level":30,"msg":"Generated: medias/banner/4.jpg","time":"2024-11-11T09:53:45.732Z","v":0}
{"name":"hexo","hostname":"wylblog","pid":10778,"level":30,"msg":"Generated: medias/images/03.jpg","time":"2024-11-11T09:53:45.732Z","v":0}
{"name":"hexo","hostname":"wylblog","pid":10778,"level":30,"msg":"Generated: libs/share/css/share.min.css","time":"2024-11-11T09:53:45.732Z","v":0}
{"name":"hexo","hostname":"wylblog","pid":10778,"level":30,"msg":"Generated: libs/lightGallery/css/lightgallery.min.css","time":"2024-11-11T09:53:45.732Z","v":0}
{"name":"hexo","hostname":"wylblog","pid":10778,"level":30,"msg":"Generated: libs/awesome/css/all.min.css","time":"2024-11-11T09:53:45.732Z","v":0}
{"name":"hexo","hostname":"wylblog","pid":10778,"level":30,"msg":"Generated: libs/aplayer/APlayer.min.css","time":"2024-11-11T09:53:45.732Z","v":0}
{"name":"hexo","hostname":"wylblog","pid":10778,"level":30,"msg":"Generated: libs/aos/aos.js","time":"2024-11-11T09:53:45.733Z","v":0}
{"name":"hexo","hostname":"wylblog","pid":10778,"level":30,"msg":"Generated: libs/background/canvas-nest.js","time":"2024-11-11T09:53:45.733Z","v":0}
{"name":"hexo","hostname":"wylblog","pid":10778,"level":30,"msg":"Generated: libs/codeBlock/codeBlockFuction.js","time":"2024-11-11T09:53:45.733Z","v":0}
{"name":"hexo","hostname":"wylblog","pid":10778,"level":30,"msg":"Generated: libs/fancybox/jquery.fancybox.css","time":"2024-11-11T09:53:45.733Z","v":0}
{"name":"hexo","hostname":"wylblog","pid":10778,"level":30,"msg":"Generated: libs/instantpage/instantpage.js","time":"2024-11-11T09:53:45.733Z","v":0}
{"name":"hexo","hostname":"wylblog","pid":10778,"level":30,"msg":"Generated: libs/jqcloud/jqcloud-1.0.4.min.js","time":"2024-11-11T09:53:45.733Z","v":0}
{"name":"hexo","hostname":"wylblog","pid":10778,"level":30,"msg":"Generated: libs/justifiedGallery/justifiedGallery.min.css","time":"2024-11-11T09:53:45.733Z","v":0}
{"name":"hexo","hostname":"wylblog","pid":10778,"level":30,"msg":"Generated: libs/mermaid/mermaid.min.css","time":"2024-11-11T09:53:45.733Z","v":0}
{"name":"hexo","hostname":"wylblog","pid":10778,"level":30,"msg":"Generated: libs/minivaline/MiniValine.js","time":"2024-11-11T09:53:45.733Z","v":0}
{"name":"hexo","hostname":"wylblog","pid":10778,"level":30,"msg":"Generated: libs/prism/prism.min.css","time":"2024-11-11T09:53:45.733Z","v":0}
{"name":"hexo","hostname":"wylblog","pid":10778,"level":30,"msg":"Generated: libs/scrollprogress/scrollProgress.min.js","time":"2024-11-11T09:53:45.733Z","v":0}
{"name":"hexo","hostname":"wylblog","pid":10778,"level":30,"msg":"Generated: libs/tocbot/tocbot.css","time":"2024-11-11T09:53:45.733Z","v":0}
{"name":"hexo","hostname":"wylblog","pid":10778,"level":30,"msg":"Generated: libs/others/TencentCaptcha.js","time":"2024-11-11T09:53:45.733Z","v":0}
{"name":"hexo","hostname":"wylblog","pid":10778,"level":30,"msg":"Generated: libs/typed/typed.js","time":"2024-11-11T09:53:45.733Z","v":0}
{"name":"hexo","hostname":"wylblog","pid":10778,"level":30,"msg":"Generated: libs/animate/animate.min.css","time":"2024-11-11T09:53:45.734Z","v":0}
{"name":"hexo","hostname":"wylblog","pid":10778,"level":30,"msg":"Generated: libs/cryptojs/crypto-js.min.js","time":"2024-11-11T09:53:45.734Z","v":0}
{"name":"hexo","hostname":"wylblog","pid":10778,"level":30,"msg":"Generated: libs/dplayer/DPlayer.min.css","time":"2024-11-11T09:53:45.734Z","v":0}
{"name":"hexo","hostname":"wylblog","pid":10778,"level":30,"msg":"Generated: libs/gitalk/gitalk.css","time":"2024-11-11T09:53:45.734Z","v":0}
{"name":"hexo","hostname":"wylblog","pid":10778,"level":30,"msg":"Generated: libs/masonry/masonry.pkgd.min.js","time":"2024-11-11T09:53:45.734Z","v":0}
{"name":"hexo","hostname":"wylblog","pid":10778,"level":30,"msg":"Generated: libs/jquery/jquery-3.6.0.min.js","time":"2024-11-11T09:53:45.734Z","v":0}
{"name":"hexo","hostname":"wylblog","pid":10778,"level":30,"msg":"Generated: libs/share/js/jquery.share.min.js","time":"2024-11-11T09:53:45.734Z","v":0}
{"name":"hexo","hostname":"wylblog","pid":10778,"level":30,"msg":"Generated: libs/waline/Waline.min.js","time":"2024-11-11T09:53:45.734Z","v":0}
{"name":"hexo","hostname":"wylblog","pid":10778,"level":30,"msg":"Generated: libs/lightGallery/js/lightgallery-all.min.js","time":"2024-11-11T09:53:45.734Z","v":0}
{"name":"hexo","hostname":"wylblog","pid":10778,"level":30,"msg":"Generated: libs/aplayer/Meting.min.js","time":"2024-11-11T09:53:45.735Z","v":0}
{"name":"hexo","hostname":"wylblog","pid":10778,"level":30,"msg":"Generated: libs/background/ribbon-dynamic.js","time":"2024-11-11T09:53:45.735Z","v":0}
{"name":"hexo","hostname":"wylblog","pid":10778,"level":30,"msg":"Generated: libs/background/ribbon-refresh.min.js","time":"2024-11-11T09:53:45.735Z","v":0}
{"name":"hexo","hostname":"wylblog","pid":10778,"level":30,"msg":"Generated: libs/background/ribbon.min.js","time":"2024-11-11T09:53:45.735Z","v":0}
{"name":"hexo","hostname":"wylblog","pid":10778,"level":30,"msg":"Generated: libs/codeBlock/codeCopy.js","time":"2024-11-11T09:53:45.735Z","v":0}
{"name":"hexo","hostname":"wylblog","pid":10778,"level":30,"msg":"Generated: libs/codeBlock/codeLang.js","time":"2024-11-11T09:53:45.735Z","v":0}
{"name":"hexo","hostname":"wylblog","pid":10778,"level":30,"msg":"Generated: libs/codeBlock/codeShrink.js","time":"2024-11-11T09:53:45.735Z","v":0}
{"name":"hexo","hostname":"wylblog","pid":10778,"level":30,"msg":"Generated: libs/jqcloud/jqcloud.css","time":"2024-11-11T09:53:45.735Z","v":0}
{"name":"hexo","hostname":"wylblog","pid":10778,"level":30,"msg":"Generated: libs/tocbot/tocbot.min.js","time":"2024-11-11T09:53:45.735Z","v":0}
{"name":"hexo","hostname":"wylblog","pid":10778,"level":30,"msg":"Generated: libs/others/busuanzi.pure.mini.js","time":"2024-11-11T09:53:45.735Z","v":0}
{"name":"hexo","hostname":"wylblog","pid":10778,"level":30,"msg":"Generated: libs/others/clicklove.js","time":"2024-11-11T09:53:45.735Z","v":0}
{"name":"hexo","hostname":"wylblog","pid":10778,"level":30,"msg":"Generated: libs/others/snow.js","time":"2024-11-11T09:53:45.735Z","v":0}
{"name":"hexo","hostname":"wylblog","pid":10778,"level":30,"msg":"Generated: libs/others/star.js","time":"2024-11-11T09:53:45.735Z","v":0}
{"name":"hexo","hostname":"wylblog","pid":10778,"level":30,"msg":"Generated: libs/aos/aos.css","time":"2024-11-11T09:53:45.735Z","v":0}
{"name":"hexo","hostname":"wylblog","pid":10778,"level":30,"msg":"Generated: libs/aplayer/APlayer.min.js","time":"2024-11-11T09:53:45.736Z","v":0}
{"name":"hexo","hostname":"wylblog","pid":10778,"level":30,"msg":"Generated: libs/justifiedGallery/justifiedGallery.min.js","time":"2024-11-11T09:53:45.736Z","v":0}
{"name":"hexo","hostname":"wylblog","pid":10778,"level":30,"msg":"Generated: libs/gitment/gitment-default.css","time":"2024-11-11T09:53:45.736Z","v":0}
{"name":"hexo","hostname":"wylblog","pid":10778,"level":30,"msg":"Generated: libs/others/sakura-half.js","time":"2024-11-11T09:53:45.736Z","v":0}
{"name":"hexo","hostname":"wylblog","pid":10778,"level":30,"msg":"Generated: libs/others/sakura.js","time":"2024-11-11T09:53:45.736Z","v":0}
{"name":"hexo","hostname":"wylblog","pid":10778,"level":30,"msg":"Generated: libs/others/sakura-small.js","time":"2024-11-11T09:53:45.736Z","v":0}
{"name":"hexo","hostname":"wylblog","pid":10778,"level":30,"msg":"Generated: libs/others/sakura-reduce.js","time":"2024-11-11T09:53:45.736Z","v":0}
{"name":"hexo","hostname":"wylblog","pid":10778,"level":30,"msg":"Generated: libs/fancybox/fancybox.js","time":"2024-11-11T09:53:45.736Z","v":0}
{"name":"hexo","hostname":"wylblog","pid":10778,"level":30,"msg":"Generated: libs/dplayer/DPlayer.min.js","time":"2024-11-11T09:53:45.736Z","v":0}
{"name":"hexo","hostname":"wylblog","pid":10778,"level":30,"msg":"Generated: libs/share/js/social-share.min.js","time":"2024-11-11T09:53:45.736Z","v":0}
{"name":"hexo","hostname":"wylblog","pid":10778,"level":30,"msg":"Generated: libs/valine/Valine.min.js","time":"2024-11-11T09:53:45.736Z","v":0}
{"name":"hexo","hostname":"wylblog","pid":10778,"level":30,"msg":"Generated: libs/materialize/materialize.min.css","time":"2024-11-11T09:53:45.736Z","v":0}
{"name":"hexo","hostname":"wylblog","pid":10778,"level":30,"msg":"Generated: libs/awesome/css/all.css","time":"2024-11-11T09:53:45.736Z","v":0}
{"name":"hexo","hostname":"wylblog","pid":10778,"level":30,"msg":"Generated: libs/twikoo/twikoo.all.min.js","time":"2024-11-11T09:53:45.736Z","v":0}
{"name":"hexo","hostname":"wylblog","pid":10778,"level":30,"msg":"Generated: libs/echarts/echarts.min.js","time":"2024-11-11T09:53:45.737Z","v":0}
{"name":"hexo","hostname":"wylblog","pid":10778,"level":30,"msg":"Generated: libs/prism/prism.min.js","time":"2024-11-11T09:53:45.811Z","v":0}
{"name":"hexo","hostname":"wylblog","pid":10778,"level":30,"msg":"Generated: libs/gitalk/gitalk.min.js","time":"2024-11-11T09:53:45.811Z","v":0}
{"name":"hexo","hostname":"wylblog","pid":10778,"level":30,"msg":"Generated: libs/awesome/webfonts/fa-regular-400.ttf","time":"2024-11-11T09:53:45.811Z","v":0}
{"name":"hexo","hostname":"wylblog","pid":10778,"level":30,"msg":"Generated: libs/lightGallery/fonts/lg.svg","time":"2024-11-11T09:53:45.811Z","v":0}
{"name":"hexo","hostname":"wylblog","pid":10778,"level":30,"msg":"Generated: libs/lightGallery/img/video-play.png","time":"2024-11-11T09:53:45.811Z","v":0}
{"name":"hexo","hostname":"wylblog","pid":10778,"level":30,"msg":"Generated: libs/share/fonts/iconfont.eot","time":"2024-11-11T09:53:45.811Z","v":0}
{"name":"hexo","hostname":"wylblog","pid":10778,"level":30,"msg":"Generated: 2024/11/11/hello-world/index.html","time":"2024-11-11T09:53:45.811Z","v":0}
{"name":"hexo","hostname":"wylblog","pid":10778,"level":30,"msg":"Generated: libs/awesome/webfonts/fa-regular-400.woff2","time":"2024-11-11T09:53:45.811Z","v":0}
{"name":"hexo","hostname":"wylblog","pid":10778,"level":30,"msg":"Generated: libs/awesome/webfonts/fa-v4compatibility.ttf","time":"2024-11-11T09:53:45.811Z","v":0}
{"name":"hexo","hostname":"wylblog","pid":10778,"level":30,"msg":"Generated: libs/awesome/webfonts/fa-v4compatibility.woff2","time":"2024-11-11T09:53:45.812Z","v":0}
{"name":"hexo","hostname":"wylblog","pid":10778,"level":30,"msg":"Generated: libs/lightGallery/fonts/lg.ttf","time":"2024-11-11T09:53:45.812Z","v":0}
{"name":"hexo","hostname":"wylblog","pid":10778,"level":30,"msg":"Generated: libs/lightGallery/fonts/lg.woff","time":"2024-11-11T09:53:45.812Z","v":0}
{"name":"hexo","hostname":"wylblog","pid":10778,"level":30,"msg":"Generated: libs/lightGallery/img/vimeo-play.png","time":"2024-11-11T09:53:45.812Z","v":0}
{"name":"hexo","hostname":"wylblog","pid":10778,"level":30,"msg":"Generated: libs/lightGallery/img/youtube-play.png","time":"2024-11-11T09:53:45.812Z","v":0}
{"name":"hexo","hostname":"wylblog","pid":10778,"level":30,"msg":"Generated: libs/lightGallery/img/loading.gif","time":"2024-11-11T09:53:45.812Z","v":0}
{"name":"hexo","hostname":"wylblog","pid":10778,"level":30,"msg":"Generated: libs/share/fonts/iconfont.svg","time":"2024-11-11T09:53:45.812Z","v":0}
{"name":"hexo","hostname":"wylblog","pid":10778,"level":30,"msg":"Generated: libs/share/fonts/iconfont.ttf","time":"2024-11-11T09:53:45.812Z","v":0}
{"name":"hexo","hostname":"wylblog","pid":10778,"level":30,"msg":"Generated: libs/share/fonts/iconfont.woff","time":"2024-11-11T09:53:45.812Z","v":0}
{"name":"hexo","hostname":"wylblog","pid":10778,"level":30,"msg":"Generated: medias/images/01.jpg","time":"2024-11-11T09:53:45.856Z","v":0}
{"name":"hexo","hostname":"wylblog","pid":10778,"level":30,"msg":"Generated: libs/awesome/webfonts/fa-brands-400.woff2","time":"2024-11-11T09:53:45.857Z","v":0}
{"name":"hexo","hostname":"wylblog","pid":10778,"level":30,"msg":"Generated: libs/awesome/webfonts/fa-brands-400.ttf","time":"2024-11-11T09:53:45.857Z","v":0}
{"name":"hexo","hostname":"wylblog","pid":10778,"level":30,"msg":"Generated: libs/awesome/webfonts/fa-solid-900.woff2","time":"2024-11-11T09:53:45.857Z","v":0}
{"name":"hexo","hostname":"wylblog","pid":10778,"level":30,"msg":"Generated: libs/mermaid/mermaid.min.js","time":"2024-11-11T09:53:45.857Z","v":0}
{"name":"hexo","hostname":"wylblog","pid":10778,"level":30,"msg":"Generated: libs/awesome/webfonts/fa-solid-900.ttf","time":"2024-11-11T09:53:45.857Z","v":0}
{"name":"hexo","hostname":"wylblog","pid":10778,"level":30,"msg":"Generated: libs/mermaid/mermaid.js","time":"2024-11-11T09:53:45.857Z","v":0}
{"name":"hexo","hostname":"wylblog","pid":10778,"level":30,"msg":"151 files generated in 395 ms","time":"2024-11-11T09:53:45.858Z","v":0}
{"name":"hexo","hostname":"wylblog","pid":10778,"level":20,"msg":"Database saved","time":"2024-11-11T09:53:45.867Z","v":0}
